<?xml version="1.0" encoding="UTF-8"?>
<!-- Generated by org.testng.reporters.JUnitReportReporter -->
<testsuite hostname="suharika" failures="0" tests="1" name="testngex.extentreports2" time="6.971" errors="0" timestamp="2024-03-07T08:26:25 IST" skipped="0">
  <testcase classname="testngex.extentreports2" name="test" time="6.971"/>
  <system-out/>
</testsuite> <!-- testngex.extentreports2 -->
